<?xml version="1.0" encoding="UTF-8"?>
<!-- Generated by org.testng.reporters.JUnitReportReporter -->
<testsuite hostname="DESKTOP-HR2KPOH" failures="0" tests="2" name="TestNG.TestngAnnotationDemo" time="0.010" errors="0" timestamp="2023-01-07T12:55:42 IST" skipped="0">
  <testcase classname="TestNG.TestngAnnotationDemo" name="testRegistation" time="0.007"/>
  <system-out/>
  <testcase classname="TestNG.TestngAnnotationDemo" name="testLogin" time="0.003"/>
  <system-out/>
</testsuite> <!-- TestNG.TestngAnnotationDemo -->
