<?xml version="1.0" encoding="UTF-8"?>
<!-- Generated by org.testng.reporters.JUnitReportReporter -->
<testsuite hostname="DESKTOP-HR2KPOH" failures="0" tests="4" name="TestNGCustomListener.FrocefullySkipTheTest" time="0.015" errors="0" timestamp="2023-01-07T12:15:43 IST" skipped="1">
  <testcase classname="TestNGCustomListener.FrocefullySkipTheTest" name="fintionalTestRegister" time="0.011"/>
  <system-out/>
  <testcase classname="TestNGCustomListener.FrocefullySkipTheTest" name="funtionalTestLogin" time="0.001"/>
  <system-out/>
  <testcase classname="TestNGCustomListener.FrocefullySkipTheTest" name="funtionalTestPasswordLink" time="0.001"/>
  <system-out/>
  <testcase classname="TestNGCustomListener.FrocefullySkipTheTest" name="functionalTestGrantAdminAccess" time="0.002">
    <skipped/>
  </testcase> <!-- functionalTestGrantAdminAccess -->
  <system-out/>
</testsuite> <!-- TestNGCustomListener.FrocefullySkipTheTest -->
