<?xml version="1.0" encoding="UTF-8"?>
<!-- Generated by org.testng.reporters.JUnitReportReporter -->
<testsuite hostname="DESKTOP-HR2KPOH" failures="1" tests="4" name="TestNGCustomListener.AddingTestforListener" time="0.015" errors="0" timestamp="2023-01-07T13:43:09 IST" skipped="1">
  <testcase classname="TestNGCustomListener.AddingTestforListener" name="funtionalTestRegister" time="0.011">
    <failure message="User not Exists" type="java.lang.AssertionError">
      <![CDATA[java.lang.AssertionError: User not Exists
at org.testng.Assert.fail(Assert.java:99)
at TestNGCustomListener.AddingTestforListener.funtionalTestRegister(AddingTestforListener.java:11)
at java.base/jdk.internal.reflect.NativeMethodAccessorImpl.invoke0(Native Method)
at java.base/jdk.internal.reflect.NativeMethodAccessorImpl.invoke(NativeMethodAccessorImpl.java:64)
at java.base/jdk.internal.reflect.DelegatingMethodAccessorImpl.invoke(DelegatingMethodAccessorImpl.java:43)
at java.base/java.lang.reflect.Method.invoke(Method.java:564)
at org.testng.internal.MethodInvocationHelper.invokeMethod(MethodInvocationHelper.java:133)
at org.testng.internal.TestInvoker.invokeMethod(TestInvoker.java:598)
at org.testng.internal.TestInvoker.invokeTestMethod(TestInvoker.java:173)
at org.testng.internal.MethodRunner.runInSequence(MethodRunner.java:46)
at org.testng.internal.TestInvoker$MethodInvocationAgent.invoke(TestInvoker.java:824)
at org.testng.internal.TestInvoker.invokeTestMethods(TestInvoker.java:146)
at org.testng.internal.TestMethodWorker.invokeTestMethods(TestMethodWorker.java:146)
at org.testng.internal.TestMethodWorker.run(TestMethodWorker.java:128)
at java.base/java.util.ArrayList.forEach(ArrayList.java:1511)
at org.testng.TestRunner.privateRun(TestRunner.java:794)
at org.testng.TestRunner.run(TestRunner.java:596)
at org.testng.SuiteRunner.runTest(SuiteRunner.java:377)
at org.testng.SuiteRunner.runSequentially(SuiteRunner.java:371)
at org.testng.SuiteRunner.privateRun(SuiteRunner.java:332)
at org.testng.SuiteRunner.run(SuiteRunner.java:276)
at org.testng.SuiteRunnerWorker.runSuite(SuiteRunnerWorker.java:53)
at org.testng.SuiteRunnerWorker.run(SuiteRunnerWorker.java:96)
at org.testng.TestNG.runSuitesSequentially(TestNG.java:1212)
at org.testng.TestNG.runSuitesLocally(TestNG.java:1134)
at org.testng.TestNG.runSuites(TestNG.java:1063)
at org.testng.TestNG.run(TestNG.java:1031)
at org.testng.remote.AbstractRemoteTestNG.run(AbstractRemoteTestNG.java:115)
at org.testng.remote.RemoteTestNG.initAndRun(RemoteTestNG.java:251)
at org.testng.remote.RemoteTestNG.main(RemoteTestNG.java:77)
]]>
    </failure>
  </testcase> <!-- funtionalTestRegister -->
  <system-out>
    <![CDATA[<a href="D://Selenium//LearnSelenium//Screenshots//Thu_Jan_05_22_33_34_IST_2023.jpg"><img height= 200 width= 200 src ="D://Selenium//LearnSelenium//Screenshots//webpage.png" ></a>
<br>
<a href="D://Selenium//LearnSelenium//Screenshots//Thu_Jan_05_22_33_34_IST_2023.jpg" target= "_blank">Failure Screenshot</a>]]>
  </system-out>
  <testcase classname="TestNGCustomListener.AddingTestforListener" name="funtionalTestLogin" time="0.001">
    <skipped/>
  </testcase> <!-- funtionalTestLogin -->
  <system-out>
    <![CDATA[<a href="D://Selenium//LearnSelenium//Screenshots//nameScreen.png" ><img height= 200 width= 200 src ="D://Selenium//LearnSelenium//Screenshots//webpage.png" ></a>
<br>
<a href="D://Selenium//LearnSelenium//Screenshots//nameScreen.png" target= "_blank">Skipped Screenshot</a>]]>
  </system-out>
  <testcase classname="TestNGCustomListener.AddingTestforListener" name="funtionalTestPasswordLink" time="0.001"/>
  <system-out>
    <![CDATA[<a href="D://Selenium//LearnSelenium//Screenshots//webpage.png"><img height= 200 width= 200 src ="D://Selenium//LearnSelenium//Screenshots//webpage.png" ></a>
<br>
<a href="D://Selenium//LearnSelenium//Screenshots//webpage.png" target= "_blank">Passed Screenshot</a>]]>
  </system-out>
  <testcase classname="TestNGCustomListener.AddingTestforListener" name="functionalTestGrantAdminAccess" time="0.002"/>
  <system-out>
    <![CDATA[<a href="D://Selenium//LearnSelenium//Screenshots//webpage.png"><img height= 200 width= 200 src ="D://Selenium//LearnSelenium//Screenshots//webpage.png" ></a>
<br>
<a href="D://Selenium//LearnSelenium//Screenshots//webpage.png" target= "_blank">Passed Screenshot</a>]]>
  </system-out>
</testsuite> <!-- TestNGCustomListener.AddingTestforListener -->
