<?xml version="1.0" encoding="UTF-8"?>
<!-- Generated by org.testng.reporters.JUnitReportReporter -->
<testsuite hostname="DESKTOP-HR2KPOH" failures="0" tests="2" name="TestNGGroups.TestngAddingGroups" time="0.002" errors="0" timestamp="2023-01-07T12:55:20 IST" skipped="0">
  <testcase classname="TestNGGroups.TestngAddingGroups" name="testLogin" time="0.001"/>
  <system-out/>
  <testcase classname="TestNGGroups.TestngAddingGroups" name="testForgotLink" time="0.001"/>
  <system-out/>
</testsuite> <!-- TestNGGroups.TestngAddingGroups -->
