<?xml version="1.0" encoding="UTF-8"?>
<!-- Generated by org.testng.reporters.JUnitReportReporter -->
<testsuite hostname="DESKTOP-HR2KPOH" failures="0" tests="2" name="TestNG.FirstTestngTestCase" time="0.008" errors="0" timestamp="2023-01-06T11:45:18 IST" skipped="0">
  <testcase classname="TestNG.FirstTestngTestCase" name="testRegistation" time="0.006"/>
  <system-out/>
  <testcase classname="TestNG.FirstTestngTestCase" name="testLogin" time="0.002"/>
  <system-out/>
</testsuite> <!-- TestNG.FirstTestngTestCase -->
